<?xml version="1.0" encoding="UTF-8"?>
<!-- Generated by org.testng.reporters.JUnitReportReporter -->
<testsuite hostname="DESKTOP-2LTL7S0" failures="0" tests="5" name="testCases.EditiconTest" time="0.165" errors="0" timestamp="14 Mar 2023 09:37:44 GMT" skipped="0">
  <testcase classname="testCases.EditiconTest" name="iconEnablity" time="0.026"/>
  <testcase classname="testCases.EditiconTest" name="iconPosition" time="0.021"/>
  <testcase classname="testCases.EditiconTest" name="iconFontsize" time="0.025"/>
  <testcase classname="testCases.EditiconTest" name="editIcon" time="0.066"/>
  <testcase classname="testCases.EditiconTest" name="iconBckgroundcolor" time="0.027"/>
</testsuite> <!-- testCases.EditiconTest -->
