<?xml version="1.0" encoding="UTF-8"?>
<!-- Generated by org.testng.reporters.JUnitReportReporter -->
<testsuite hostname="DESKTOP-2LTL7S0" failures="0" tests="1" name="testCases.MaterialClick" time="2.126" errors="0" timestamp="09 Mar 2023 08:16:39 GMT" skipped="0">
  <testcase classname="testCases.MaterialClick" name="material" time="2.126"/>
</testsuite> <!-- testCases.MaterialClick -->
