<?xml version="1.0" encoding="UTF-8"?>
<!-- Generated by org.testng.reporters.JUnitReportReporter -->
<testsuite hostname="DESKTOP-2LTL7S0" failures="0" tests="1" name="testCases.Texttest" time="0.151" errors="0" timestamp="14 Mar 2023 09:37:44 GMT" skipped="0">
  <testcase classname="testCases.Texttest" name="materialMainText" time="0.151"/>
</testsuite> <!-- testCases.Texttest -->
