<?xml version="1.0" encoding="UTF-8"?>
<!-- Generated by org.testng.reporters.JUnitReportReporter -->
<testsuite hostname="DESKTOP-2LTL7S0" failures="0" tests="1" name="testCases.DropdownTest" time="0.105" errors="0" timestamp="14 Mar 2023 09:37:44 GMT" skipped="0">
  <testcase classname="testCases.DropdownTest" name="maintypeDropdown" time="0.105"/>
</testsuite> <!-- testCases.DropdownTest -->
