<?xml version="1.0" encoding="UTF-8"?>
<!-- Generated by org.testng.reporters.JUnitReportReporter -->
<testsuite hostname="DESKTOP-2LTL7S0" failures="0" tests="4" name="testCases.SearchTextbox" time="0.320" errors="0" timestamp="14 Mar 2023 09:37:44 GMT" skipped="0">
  <testcase classname="testCases.SearchTextbox" name="textboxColor" time="0.037"/>
  <testcase classname="testCases.SearchTextbox" name="textboxSize" time="0.023"/>
  <testcase classname="testCases.SearchTextbox" name="seachTextbox" time="0.235"/>
  <testcase classname="testCases.SearchTextbox" name="textboxPosition" time="0.025"/>
</testsuite> <!-- testCases.SearchTextbox -->
