<?xml version="1.0" encoding="UTF-8"?>
<!-- Generated by org.testng.reporters.JUnitReportReporter -->
<testsuite hostname="DESKTOP-2LTL7S0" failures="0" tests="5" name="testCases.AddMatMainCat" time="0.228" errors="0" timestamp="14 Mar 2023 09:37:44 GMT" skipped="0">
  <testcase classname="testCases.AddMatMainCat" name="materialMain" time="0.088"/>
  <testcase classname="testCases.AddMatMainCat" name="buttonColor" time="0.047"/>
  <testcase classname="testCases.AddMatMainCat" name="fontSize" time="0.025"/>
  <testcase classname="testCases.AddMatMainCat" name="buttonEnable" time="0.030"/>
  <testcase classname="testCases.AddMatMainCat" name="visibilityButton" time="0.038"/>
</testsuite> <!-- testCases.AddMatMainCat -->
